LINE ADDR CONTENTS SOURCE LINE
  1.              	.EQU @, $000	
  2.  000 010000  		LDX#0
  3.  001 702000  POLL_KEYBD:		INB $000	;keyb status
  4.  002 FFF038  		NOP
  5.  003 4B2001  		JGE POLL_KEYBD
  6.  004 702001  		INB $001	;keyb data
  7.  005 512D00  		STC DUMP
  8.  006 002026  		LDA STR_LEN
  9.  007 100001  		ADA# 1
 10.  008 042026  		STA STR_LEN
 11.  009 110001  		ADX# 1
 12.  00A 000009  		LDA# 9
 13.  00B 202026  		CMA STR_LEN
 14.  00C 4D2001  		JGT POLL_KEYBD
 15.  00D FFF011  		PSHX
 16.  00E 010000  		LDX# 0
 17.  00F 210009  CHECKMORE:		CMX# 9
 18.  010 48201C  		JEQ END
 19.  011 502023  		LDC PSWD
 20.  012 042022  		STA COMPBOY
 21.  013 112026  		ADX STR_LEN
 22.  014 150009  		SBX# 9
 23.  015 502D00  		LDC DUMP
 24.  016 152026  		SBX STR_LEN
 25.  017 11000A  		ADX# 10
 26.  018 202022  		CMA COMPBOY
 27.  019 48200F  		JEQ CHECKMORE
 28.  01A FFF014  		POPX
 29.  01B 402001  		JMP POLL_KEYBD
 30.  01C 010000  END: 		LDX# 0
 31.  01D 000000  		LDA# 0
 32.  01E 60001D  ENDL:		AOC# 29
 33.  01F 044000  		STA+ $000
 34.  020 4A201E  		JLT ENDL
 35.  021 FFFFFF  		HLT
 36.  022 000000  COMPBOY: 	.WORD ''
 37.  023 676574  PSWD: 	.CHAR 'get pwned'
      024 207077
      025 6E6564
 38.  026 000000  STR_LEN: 	.WORD 0
 39.              	.EQU @, $D00
 40.  D00 FFFFFFFFFFFFFFFF  DUMP:	.CHAR  ''
 41.              
 42.              

                     SYMBOL TABLE CONTENTS

00000F = CHECKMORE       000022 = COMPBOY         000D00 = DUMP            
00001C = END             00001E = ENDL            000001 = POLL_KEYBD      
000023 = PSWD            000026 = STR_LEN         